<?xml version="1.0" encoding="UTF-8"?>
<!-- Generated by org.testng.reporters.JUnitReportReporter -->
<testsuite skipped="0" hostname="LAP-TZ-0X92061" name="GitExe.ExecutionGit" tests="1" failures="0" timestamp="19 Sep 2021 12:29:59 GMT" time="0.008" errors="0">
  <testcase name="f" time="0.008" classname="GitExe.ExecutionGit"/>
</testsuite> <!-- GitExe.ExecutionGit -->
